<?xml version="1.0" encoding="UTF-8"?>
<!-- Generated by org.testng.reporters.JUnitReportReporter -->
<testsuite hostname="LAPTOP-IFRBPTMB" failures="0" tests="2" name="testscript.AddUserPageTest" time="79.429" errors="0" timestamp="2024-09-13T00:42:01 IST" skipped="0">
  <testcase classname="testscript.AddUserPageTest" name="verify_add_user" time="38.880"/>
  <system-out/>
  <testcase classname="testscript.AddUserPageTest" name="verify_userLogin_withNewly_Added_user" time="40.549"/>
  <system-out/>
</testsuite> <!-- testscript.AddUserPageTest -->
