<?xml version="1.0" encoding="UTF-8"?>
<!-- Generated by org.testng.reporters.JUnitReportReporter -->
<testsuite hostname="LAPTOP-IFRBPTMB" failures="0" tests="1" name="testscript.BookingPageTest" time="23.727" errors="0" timestamp="2024-09-13T23:57:23 IST" skipped="0">
  <testcase classname="testscript.BookingPageTest" name="add_new_booking" time="23.727"/>
  <system-out/>
</testsuite> <!-- testscript.BookingPageTest -->
