<?xml version="1.0" encoding="UTF-8"?>
<!-- Generated by org.testng.reporters.JUnitReportReporter -->
<testsuite hostname="LAPTOP-IFRBPTMB" failures="0" tests="2" name="testscript.ResetPageTest" time="39.886" errors="0" timestamp="2024-09-13T00:42:01 IST" skipped="0">
  <testcase classname="testscript.ResetPageTest" name="verify_error_msg_with_validemail" time="19.642"/>
  <system-out/>
  <testcase classname="testscript.ResetPageTest" name="verify_error_msg_with_invalidemail" time="20.244"/>
  <system-out/>
</testsuite> <!-- testscript.ResetPageTest -->
