<?xml version="1.0" encoding="UTF-8"?>
<!-- Generated by org.testng.reporters.JUnitReportReporter -->
<testsuite hostname="LAPTOP-IFRBPTMB" failures="0" tests="1" name="testscript.LoginPageTest" time="33.992" errors="0" timestamp="2024-09-05T23:59:41 IST" skipped="0">
  <testcase classname="testscript.LoginPageTest" name="user_login_with_validcredentials" time="33.992"/>
  <system-out/>
</testsuite> <!-- testscript.LoginPageTest -->
