<?xml version="1.0" encoding="UTF-8"?>
<!-- Generated by org.testng.reporters.JUnitReportReporter -->
<testsuite hostname="LAPTOP-IFRBPTMB" failures="0" tests="1" name="testscript.AddUserPageTest" time="35.171" errors="0" timestamp="2024-09-05T22:41:09 IST" skipped="0">
  <testcase classname="testscript.AddUserPageTest" name="enter_newly_added_user" time="35.171"/>
  <system-out/>
</testsuite> <!-- testscript.AddUserPageTest -->
