<?xml version="1.0" encoding="UTF-8"?>
<!-- Generated by org.testng.reporters.JUnitReportReporter -->
<testsuite hostname="LAPTOP-IFRBPTMB" failures="0" tests="1" name="testscript.HomePageTest" time="34.418" errors="0" timestamp="2024-09-18T15:13:38 IST" skipped="0">
  <testcase classname="testscript.HomePageTest" name="date_examine" time="34.418"/>
  <system-out/>
</testsuite> <!-- testscript.HomePageTest -->
